<?xml version="1.0" encoding="UTF-8"?>
<testsuite xmlns:xsi="http://www.w3.org/2001/XMLSchema-instance" xsi:noNamespaceSchemaLocation="https://maven.apache.org/surefire/maven-surefire-plugin/xsd/surefire-test-report-3.0.xsd" version="3.0" name="com.panel.LRapp.LRappApplicationTests" time="20.384" tests="1" errors="0" skipped="0" failures="0">
  <properties>
    <property name="java.specification.version" value="17"/>
    <property name="sun.cpu.isalist" value="amd64"/>
    <property name="sun.jnu.encoding" value="Cp1252"/>
    <property name="java.class.path" value="D:\lectureSpring\GraduationProject\LRapp\target\test-classes;D:\lectureSpring\GraduationProject\LRapp\target\classes;C:\Users\HP 450 G6\.m2\repository\org\springframework\boot\spring-boot-starter-data-jpa\3.1.10\spring-boot-starter-data-jpa-3.1.10.jar;C:\Users\HP 450 G6\.m2\repository\org\springframework\boot\spring-boot-starter-aop\3.1.10\spring-boot-starter-aop-3.1.10.jar;C:\Users\HP 450 G6\.m2\repository\org\springframework\spring-aop\6.0.18\spring-aop-6.0.18.jar;C:\Users\HP 450 G6\.m2\repository\org\aspectj\aspectjweaver\1.9.21\aspectjweaver-1.9.21.jar;C:\Users\HP 450 G6\.m2\repository\org\springframework\boot\spring-boot-starter-jdbc\3.1.10\spring-boot-starter-jdbc-3.1.10.jar;C:\Users\HP 450 G6\.m2\repository\com\zaxxer\HikariCP\5.0.1\HikariCP-5.0.1.jar;C:\Users\HP 450 G6\.m2\repository\org\springframework\spring-jdbc\6.0.18\spring-jdbc-6.0.18.jar;C:\Users\HP 450 G6\.m2\repository\org\hibernate\orm\hibernate-core\6.2.22.Final\hibernate-core-6.2.22.Final.jar;C:\Users\HP 450 G6\.m2\repository\jakarta\persistence\jakarta.persistence-api\3.1.0\jakarta.persistence-api-3.1.0.jar;C:\Users\HP 450 G6\.m2\repository\jakarta\transaction\jakarta.transaction-api\2.0.1\jakarta.transaction-api-2.0.1.jar;C:\Users\HP 450 G6\.m2\repository\org\jboss\logging\jboss-logging\3.5.3.Final\jboss-logging-3.5.3.Final.jar;C:\Users\HP 450 G6\.m2\repository\org\hibernate\common\hibernate-commons-annotations\6.0.6.Final\hibernate-commons-annotations-6.0.6.Final.jar;C:\Users\HP 450 G6\.m2\repository\io\smallrye\jandex\3.0.5\jandex-3.0.5.jar;C:\Users\HP 450 G6\.m2\repository\com\fasterxml\classmate\1.5.1\classmate-1.5.1.jar;C:\Users\HP 450 G6\.m2\repository\net\bytebuddy\byte-buddy\1.14.12\byte-buddy-1.14.12.jar;C:\Users\HP 450 G6\.m2\repository\org\glassfish\jaxb\jaxb-runtime\4.0.5\jaxb-runtime-4.0.5.jar;C:\Users\HP 450 G6\.m2\repository\org\glassfish\jaxb\jaxb-core\4.0.5\jaxb-core-4.0.5.jar;C:\Users\HP 450 G6\.m2\repository\org\glassfish\jaxb\txw2\4.0.5\txw2-4.0.5.jar;C:\Users\HP 450 G6\.m2\repository\com\sun\istack\istack-commons-runtime\4.1.2\istack-commons-runtime-4.1.2.jar;C:\Users\HP 450 G6\.m2\repository\jakarta\inject\jakarta.inject-api\2.0.1\jakarta.inject-api-2.0.1.jar;C:\Users\HP 450 G6\.m2\repository\org\antlr\antlr4-runtime\4.10.1\antlr4-runtime-4.10.1.jar;C:\Users\HP 450 G6\.m2\repository\org\springframework\data\spring-data-jpa\3.1.10\spring-data-jpa-3.1.10.jar;C:\Users\HP 450 G6\.m2\repository\org\springframework\data\spring-data-commons\3.1.10\spring-data-commons-3.1.10.jar;C:\Users\HP 450 G6\.m2\repository\org\springframework\spring-orm\6.0.18\spring-orm-6.0.18.jar;C:\Users\HP 450 G6\.m2\repository\org\springframework\spring-context\6.0.18\spring-context-6.0.18.jar;C:\Users\HP 450 G6\.m2\repository\org\springframework\spring-tx\6.0.18\spring-tx-6.0.18.jar;C:\Users\HP 450 G6\.m2\repository\org\springframework\spring-beans\6.0.18\spring-beans-6.0.18.jar;C:\Users\HP 450 G6\.m2\repository\jakarta\annotation\jakarta.annotation-api\2.1.1\jakarta.annotation-api-2.1.1.jar;C:\Users\HP 450 G6\.m2\repository\org\slf4j\slf4j-api\2.0.12\slf4j-api-2.0.12.jar;C:\Users\HP 450 G6\.m2\repository\org\springframework\spring-aspects\6.0.18\spring-aspects-6.0.18.jar;C:\Users\HP 450 G6\.m2\repository\org\springframework\boot\spring-boot-starter-web\3.1.10\spring-boot-starter-web-3.1.10.jar;C:\Users\HP 450 G6\.m2\repository\org\springframework\boot\spring-boot-starter\3.1.10\spring-boot-starter-3.1.10.jar;C:\Users\HP 450 G6\.m2\repository\org\springframework\boot\spring-boot-starter-logging\3.1.10\spring-boot-starter-logging-3.1.10.jar;C:\Users\HP 450 G6\.m2\repository\ch\qos\logback\logback-classic\1.4.14\logback-classic-1.4.14.jar;C:\Users\HP 450 G6\.m2\repository\ch\qos\logback\logback-core\1.4.14\logback-core-1.4.14.jar;C:\Users\HP 450 G6\.m2\repository\org\apache\logging\log4j\log4j-to-slf4j\2.20.0\log4j-to-slf4j-2.20.0.jar;C:\Users\HP 450 G6\.m2\repository\org\apache\logging\log4j\log4j-api\2.20.0\log4j-api-2.20.0.jar;C:\Users\HP 450 G6\.m2\repository\org\slf4j\jul-to-slf4j\2.0.12\jul-to-slf4j-2.0.12.jar;C:\Users\HP 450 G6\.m2\repository\org\yaml\snakeyaml\1.33\snakeyaml-1.33.jar;C:\Users\HP 450 G6\.m2\repository\org\springframework\boot\spring-boot-starter-json\3.1.10\spring-boot-starter-json-3.1.10.jar;C:\Users\HP 450 G6\.m2\repository\com\fasterxml\jackson\core\jackson-databind\2.15.4\jackson-databind-2.15.4.jar;C:\Users\HP 450 G6\.m2\repository\com\fasterxml\jackson\core\jackson-annotations\2.15.4\jackson-annotations-2.15.4.jar;C:\Users\HP 450 G6\.m2\repository\com\fasterxml\jackson\core\jackson-core\2.15.4\jackson-core-2.15.4.jar;C:\Users\HP 450 G6\.m2\repository\com\fasterxml\jackson\datatype\jackson-datatype-jdk8\2.15.4\jackson-datatype-jdk8-2.15.4.jar;C:\Users\HP 450 G6\.m2\repository\com\fasterxml\jackson\datatype\jackson-datatype-jsr310\2.15.4\jackson-datatype-jsr310-2.15.4.jar;C:\Users\HP 450 G6\.m2\repository\com\fasterxml\jackson\module\jackson-module-parameter-names\2.15.4\jackson-module-parameter-names-2.15.4.jar;C:\Users\HP 450 G6\.m2\repository\org\springframework\boot\spring-boot-starter-tomcat\3.1.10\spring-boot-starter-tomcat-3.1.10.jar;C:\Users\HP 450 G6\.m2\repository\org\apache\tomcat\embed\tomcat-embed-core\10.1.19\tomcat-embed-core-10.1.19.jar;C:\Users\HP 450 G6\.m2\repository\org\apache\tomcat\embed\tomcat-embed-el\10.1.19\tomcat-embed-el-10.1.19.jar;C:\Users\HP 450 G6\.m2\repository\org\apache\tomcat\embed\tomcat-embed-websocket\10.1.19\tomcat-embed-websocket-10.1.19.jar;C:\Users\HP 450 G6\.m2\repository\org\springframework\spring-web\6.0.18\spring-web-6.0.18.jar;C:\Users\HP 450 G6\.m2\repository\io\micrometer\micrometer-observation\1.11.10\micrometer-observation-1.11.10.jar;C:\Users\HP 450 G6\.m2\repository\io\micrometer\micrometer-commons\1.11.10\micrometer-commons-1.11.10.jar;C:\Users\HP 450 G6\.m2\repository\org\springframework\spring-webmvc\6.0.18\spring-webmvc-6.0.18.jar;C:\Users\HP 450 G6\.m2\repository\org\springframework\spring-expression\6.0.18\spring-expression-6.0.18.jar;C:\Users\HP 450 G6\.m2\repository\org\springframework\boot\spring-boot-devtools\3.1.10\spring-boot-devtools-3.1.10.jar;C:\Users\HP 450 G6\.m2\repository\org\springframework\boot\spring-boot\3.1.10\spring-boot-3.1.10.jar;C:\Users\HP 450 G6\.m2\repository\org\springframework\boot\spring-boot-autoconfigure\3.1.10\spring-boot-autoconfigure-3.1.10.jar;C:\Users\HP 450 G6\.m2\repository\com\mysql\mysql-connector-j\8.0.33\mysql-connector-j-8.0.33.jar;C:\Users\HP 450 G6\.m2\repository\org\projectlombok\lombok\1.18.30\lombok-1.18.30.jar;C:\Users\HP 450 G6\.m2\repository\org\springframework\boot\spring-boot-starter-test\3.1.10\spring-boot-starter-test-3.1.10.jar;C:\Users\HP 450 G6\.m2\repository\org\springframework\boot\spring-boot-test\3.1.10\spring-boot-test-3.1.10.jar;C:\Users\HP 450 G6\.m2\repository\org\springframework\boot\spring-boot-test-autoconfigure\3.1.10\spring-boot-test-autoconfigure-3.1.10.jar;C:\Users\HP 450 G6\.m2\repository\com\jayway\jsonpath\json-path\2.9.0\json-path-2.9.0.jar;C:\Users\HP 450 G6\.m2\repository\jakarta\xml\bind\jakarta.xml.bind-api\4.0.2\jakarta.xml.bind-api-4.0.2.jar;C:\Users\HP 450 G6\.m2\repository\jakarta\activation\jakarta.activation-api\2.1.3\jakarta.activation-api-2.1.3.jar;C:\Users\HP 450 G6\.m2\repository\net\minidev\json-smart\2.4.11\json-smart-2.4.11.jar;C:\Users\HP 450 G6\.m2\repository\net\minidev\accessors-smart\2.4.11\accessors-smart-2.4.11.jar;C:\Users\HP 450 G6\.m2\repository\org\ow2\asm\asm\9.3\asm-9.3.jar;C:\Users\HP 450 G6\.m2\repository\org\assertj\assertj-core\3.24.2\assertj-core-3.24.2.jar;C:\Users\HP 450 G6\.m2\repository\org\hamcrest\hamcrest\2.2\hamcrest-2.2.jar;C:\Users\HP 450 G6\.m2\repository\org\junit\jupiter\junit-jupiter\5.9.3\junit-jupiter-5.9.3.jar;C:\Users\HP 450 G6\.m2\repository\org\junit\jupiter\junit-jupiter-api\5.9.3\junit-jupiter-api-5.9.3.jar;C:\Users\HP 450 G6\.m2\repository\org\opentest4j\opentest4j\1.2.0\opentest4j-1.2.0.jar;C:\Users\HP 450 G6\.m2\repository\org\junit\platform\junit-platform-commons\1.9.3\junit-platform-commons-1.9.3.jar;C:\Users\HP 450 G6\.m2\repository\org\apiguardian\apiguardian-api\1.1.2\apiguardian-api-1.1.2.jar;C:\Users\HP 450 G6\.m2\repository\org\junit\jupiter\junit-jupiter-params\5.9.3\junit-jupiter-params-5.9.3.jar;C:\Users\HP 450 G6\.m2\repository\org\junit\jupiter\junit-jupiter-engine\5.9.3\junit-jupiter-engine-5.9.3.jar;C:\Users\HP 450 G6\.m2\repository\org\junit\platform\junit-platform-engine\1.9.3\junit-platform-engine-1.9.3.jar;C:\Users\HP 450 G6\.m2\repository\org\mockito\mockito-core\5.3.1\mockito-core-5.3.1.jar;C:\Users\HP 450 G6\.m2\repository\net\bytebuddy\byte-buddy-agent\1.14.12\byte-buddy-agent-1.14.12.jar;C:\Users\HP 450 G6\.m2\repository\org\objenesis\objenesis\3.3\objenesis-3.3.jar;C:\Users\HP 450 G6\.m2\repository\org\mockito\mockito-junit-jupiter\5.3.1\mockito-junit-jupiter-5.3.1.jar;C:\Users\HP 450 G6\.m2\repository\org\skyscreamer\jsonassert\1.5.1\jsonassert-1.5.1.jar;C:\Users\HP 450 G6\.m2\repository\com\vaadin\external\google\android-json\0.0.20131108.vaadin1\android-json-0.0.20131108.vaadin1.jar;C:\Users\HP 450 G6\.m2\repository\org\springframework\spring-core\6.0.18\spring-core-6.0.18.jar;C:\Users\HP 450 G6\.m2\repository\org\springframework\spring-jcl\6.0.18\spring-jcl-6.0.18.jar;C:\Users\HP 450 G6\.m2\repository\org\springframework\spring-test\6.0.18\spring-test-6.0.18.jar;C:\Users\HP 450 G6\.m2\repository\org\xmlunit\xmlunit-core\2.9.1\xmlunit-core-2.9.1.jar;C:\Users\HP 450 G6\.m2\repository\org\springframework\boot\spring-boot-starter-mail\3.1.10\spring-boot-starter-mail-3.1.10.jar;C:\Users\HP 450 G6\.m2\repository\org\springframework\spring-context-support\6.0.18\spring-context-support-6.0.18.jar;C:\Users\HP 450 G6\.m2\repository\org\eclipse\angus\jakarta.mail\1.1.0\jakarta.mail-1.1.0.jar;C:\Users\HP 450 G6\.m2\repository\org\eclipse\angus\angus-activation\2.0.2\angus-activation-2.0.2.jar;C:\Users\HP 450 G6\.m2\repository\org\springframework\security\spring-security-test\6.1.8\spring-security-test-6.1.8.jar;C:\Users\HP 450 G6\.m2\repository\org\springframework\security\spring-security-core\6.1.8\spring-security-core-6.1.8.jar;C:\Users\HP 450 G6\.m2\repository\org\springframework\security\spring-security-crypto\6.1.8\spring-security-crypto-6.1.8.jar;C:\Users\HP 450 G6\.m2\repository\org\springframework\security\spring-security-web\6.1.8\spring-security-web-6.1.8.jar;"/>
    <property name="java.vm.vendor" value="Amazon.com Inc."/>
    <property name="sun.arch.data.model" value="64"/>
    <property name="user.variant" value=""/>
    <property name="java.vendor.url" value="https://aws.amazon.com/corretto/"/>
    <property name="user.timezone" value="Africa/Cairo"/>
    <property name="org.jboss.logging.provider" value="slf4j"/>
    <property name="os.name" value="Windows 11"/>
    <property name="java.vm.specification.version" value="17"/>
    <property name="sun.java.launcher" value="SUN_STANDARD"/>
    <property name="user.country" value="US"/>
    <property name="sun.boot.library.path" value="C:\Users\HP 450 G6\.jdks\corretto-17.0.9\bin"/>
    <property name="sun.java.command" value="C:\Users\HP 450 G6\AppData\Local\Temp\surefire16814933424971353323\surefirebooter-20240508214417920_3.jar C:\Users\HP 450 G6\AppData\Local\Temp\surefire16814933424971353323 2024-05-08T21-44-10_487-jvmRun1 surefire-20240508214417920_1tmp surefire_0-20240508214417920_2tmp"/>
    <property name="jdk.debug" value="release"/>
    <property name="surefire.test.class.path" value="D:\lectureSpring\GraduationProject\LRapp\target\test-classes;D:\lectureSpring\GraduationProject\LRapp\target\classes;C:\Users\HP 450 G6\.m2\repository\org\springframework\boot\spring-boot-starter-data-jpa\3.1.10\spring-boot-starter-data-jpa-3.1.10.jar;C:\Users\HP 450 G6\.m2\repository\org\springframework\boot\spring-boot-starter-aop\3.1.10\spring-boot-starter-aop-3.1.10.jar;C:\Users\HP 450 G6\.m2\repository\org\springframework\spring-aop\6.0.18\spring-aop-6.0.18.jar;C:\Users\HP 450 G6\.m2\repository\org\aspectj\aspectjweaver\1.9.21\aspectjweaver-1.9.21.jar;C:\Users\HP 450 G6\.m2\repository\org\springframework\boot\spring-boot-starter-jdbc\3.1.10\spring-boot-starter-jdbc-3.1.10.jar;C:\Users\HP 450 G6\.m2\repository\com\zaxxer\HikariCP\5.0.1\HikariCP-5.0.1.jar;C:\Users\HP 450 G6\.m2\repository\org\springframework\spring-jdbc\6.0.18\spring-jdbc-6.0.18.jar;C:\Users\HP 450 G6\.m2\repository\org\hibernate\orm\hibernate-core\6.2.22.Final\hibernate-core-6.2.22.Final.jar;C:\Users\HP 450 G6\.m2\repository\jakarta\persistence\jakarta.persistence-api\3.1.0\jakarta.persistence-api-3.1.0.jar;C:\Users\HP 450 G6\.m2\repository\jakarta\transaction\jakarta.transaction-api\2.0.1\jakarta.transaction-api-2.0.1.jar;C:\Users\HP 450 G6\.m2\repository\org\jboss\logging\jboss-logging\3.5.3.Final\jboss-logging-3.5.3.Final.jar;C:\Users\HP 450 G6\.m2\repository\org\hibernate\common\hibernate-commons-annotations\6.0.6.Final\hibernate-commons-annotations-6.0.6.Final.jar;C:\Users\HP 450 G6\.m2\repository\io\smallrye\jandex\3.0.5\jandex-3.0.5.jar;C:\Users\HP 450 G6\.m2\repository\com\fasterxml\classmate\1.5.1\classmate-1.5.1.jar;C:\Users\HP 450 G6\.m2\repository\net\bytebuddy\byte-buddy\1.14.12\byte-buddy-1.14.12.jar;C:\Users\HP 450 G6\.m2\repository\org\glassfish\jaxb\jaxb-runtime\4.0.5\jaxb-runtime-4.0.5.jar;C:\Users\HP 450 G6\.m2\repository\org\glassfish\jaxb\jaxb-core\4.0.5\jaxb-core-4.0.5.jar;C:\Users\HP 450 G6\.m2\repository\org\glassfish\jaxb\txw2\4.0.5\txw2-4.0.5.jar;C:\Users\HP 450 G6\.m2\repository\com\sun\istack\istack-commons-runtime\4.1.2\istack-commons-runtime-4.1.2.jar;C:\Users\HP 450 G6\.m2\repository\jakarta\inject\jakarta.inject-api\2.0.1\jakarta.inject-api-2.0.1.jar;C:\Users\HP 450 G6\.m2\repository\org\antlr\antlr4-runtime\4.10.1\antlr4-runtime-4.10.1.jar;C:\Users\HP 450 G6\.m2\repository\org\springframework\data\spring-data-jpa\3.1.10\spring-data-jpa-3.1.10.jar;C:\Users\HP 450 G6\.m2\repository\org\springframework\data\spring-data-commons\3.1.10\spring-data-commons-3.1.10.jar;C:\Users\HP 450 G6\.m2\repository\org\springframework\spring-orm\6.0.18\spring-orm-6.0.18.jar;C:\Users\HP 450 G6\.m2\repository\org\springframework\spring-context\6.0.18\spring-context-6.0.18.jar;C:\Users\HP 450 G6\.m2\repository\org\springframework\spring-tx\6.0.18\spring-tx-6.0.18.jar;C:\Users\HP 450 G6\.m2\repository\org\springframework\spring-beans\6.0.18\spring-beans-6.0.18.jar;C:\Users\HP 450 G6\.m2\repository\jakarta\annotation\jakarta.annotation-api\2.1.1\jakarta.annotation-api-2.1.1.jar;C:\Users\HP 450 G6\.m2\repository\org\slf4j\slf4j-api\2.0.12\slf4j-api-2.0.12.jar;C:\Users\HP 450 G6\.m2\repository\org\springframework\spring-aspects\6.0.18\spring-aspects-6.0.18.jar;C:\Users\HP 450 G6\.m2\repository\org\springframework\boot\spring-boot-starter-web\3.1.10\spring-boot-starter-web-3.1.10.jar;C:\Users\HP 450 G6\.m2\repository\org\springframework\boot\spring-boot-starter\3.1.10\spring-boot-starter-3.1.10.jar;C:\Users\HP 450 G6\.m2\repository\org\springframework\boot\spring-boot-starter-logging\3.1.10\spring-boot-starter-logging-3.1.10.jar;C:\Users\HP 450 G6\.m2\repository\ch\qos\logback\logback-classic\1.4.14\logback-classic-1.4.14.jar;C:\Users\HP 450 G6\.m2\repository\ch\qos\logback\logback-core\1.4.14\logback-core-1.4.14.jar;C:\Users\HP 450 G6\.m2\repository\org\apache\logging\log4j\log4j-to-slf4j\2.20.0\log4j-to-slf4j-2.20.0.jar;C:\Users\HP 450 G6\.m2\repository\org\apache\logging\log4j\log4j-api\2.20.0\log4j-api-2.20.0.jar;C:\Users\HP 450 G6\.m2\repository\org\slf4j\jul-to-slf4j\2.0.12\jul-to-slf4j-2.0.12.jar;C:\Users\HP 450 G6\.m2\repository\org\yaml\snakeyaml\1.33\snakeyaml-1.33.jar;C:\Users\HP 450 G6\.m2\repository\org\springframework\boot\spring-boot-starter-json\3.1.10\spring-boot-starter-json-3.1.10.jar;C:\Users\HP 450 G6\.m2\repository\com\fasterxml\jackson\core\jackson-databind\2.15.4\jackson-databind-2.15.4.jar;C:\Users\HP 450 G6\.m2\repository\com\fasterxml\jackson\core\jackson-annotations\2.15.4\jackson-annotations-2.15.4.jar;C:\Users\HP 450 G6\.m2\repository\com\fasterxml\jackson\core\jackson-core\2.15.4\jackson-core-2.15.4.jar;C:\Users\HP 450 G6\.m2\repository\com\fasterxml\jackson\datatype\jackson-datatype-jdk8\2.15.4\jackson-datatype-jdk8-2.15.4.jar;C:\Users\HP 450 G6\.m2\repository\com\fasterxml\jackson\datatype\jackson-datatype-jsr310\2.15.4\jackson-datatype-jsr310-2.15.4.jar;C:\Users\HP 450 G6\.m2\repository\com\fasterxml\jackson\module\jackson-module-parameter-names\2.15.4\jackson-module-parameter-names-2.15.4.jar;C:\Users\HP 450 G6\.m2\repository\org\springframework\boot\spring-boot-starter-tomcat\3.1.10\spring-boot-starter-tomcat-3.1.10.jar;C:\Users\HP 450 G6\.m2\repository\org\apache\tomcat\embed\tomcat-embed-core\10.1.19\tomcat-embed-core-10.1.19.jar;C:\Users\HP 450 G6\.m2\repository\org\apache\tomcat\embed\tomcat-embed-el\10.1.19\tomcat-embed-el-10.1.19.jar;C:\Users\HP 450 G6\.m2\repository\org\apache\tomcat\embed\tomcat-embed-websocket\10.1.19\tomcat-embed-websocket-10.1.19.jar;C:\Users\HP 450 G6\.m2\repository\org\springframework\spring-web\6.0.18\spring-web-6.0.18.jar;C:\Users\HP 450 G6\.m2\repository\io\micrometer\micrometer-observation\1.11.10\micrometer-observation-1.11.10.jar;C:\Users\HP 450 G6\.m2\repository\io\micrometer\micrometer-commons\1.11.10\micrometer-commons-1.11.10.jar;C:\Users\HP 450 G6\.m2\repository\org\springframework\spring-webmvc\6.0.18\spring-webmvc-6.0.18.jar;C:\Users\HP 450 G6\.m2\repository\org\springframework\spring-expression\6.0.18\spring-expression-6.0.18.jar;C:\Users\HP 450 G6\.m2\repository\org\springframework\boot\spring-boot-devtools\3.1.10\spring-boot-devtools-3.1.10.jar;C:\Users\HP 450 G6\.m2\repository\org\springframework\boot\spring-boot\3.1.10\spring-boot-3.1.10.jar;C:\Users\HP 450 G6\.m2\repository\org\springframework\boot\spring-boot-autoconfigure\3.1.10\spring-boot-autoconfigure-3.1.10.jar;C:\Users\HP 450 G6\.m2\repository\com\mysql\mysql-connector-j\8.0.33\mysql-connector-j-8.0.33.jar;C:\Users\HP 450 G6\.m2\repository\org\projectlombok\lombok\1.18.30\lombok-1.18.30.jar;C:\Users\HP 450 G6\.m2\repository\org\springframework\boot\spring-boot-starter-test\3.1.10\spring-boot-starter-test-3.1.10.jar;C:\Users\HP 450 G6\.m2\repository\org\springframework\boot\spring-boot-test\3.1.10\spring-boot-test-3.1.10.jar;C:\Users\HP 450 G6\.m2\repository\org\springframework\boot\spring-boot-test-autoconfigure\3.1.10\spring-boot-test-autoconfigure-3.1.10.jar;C:\Users\HP 450 G6\.m2\repository\com\jayway\jsonpath\json-path\2.9.0\json-path-2.9.0.jar;C:\Users\HP 450 G6\.m2\repository\jakarta\xml\bind\jakarta.xml.bind-api\4.0.2\jakarta.xml.bind-api-4.0.2.jar;C:\Users\HP 450 G6\.m2\repository\jakarta\activation\jakarta.activation-api\2.1.3\jakarta.activation-api-2.1.3.jar;C:\Users\HP 450 G6\.m2\repository\net\minidev\json-smart\2.4.11\json-smart-2.4.11.jar;C:\Users\HP 450 G6\.m2\repository\net\minidev\accessors-smart\2.4.11\accessors-smart-2.4.11.jar;C:\Users\HP 450 G6\.m2\repository\org\ow2\asm\asm\9.3\asm-9.3.jar;C:\Users\HP 450 G6\.m2\repository\org\assertj\assertj-core\3.24.2\assertj-core-3.24.2.jar;C:\Users\HP 450 G6\.m2\repository\org\hamcrest\hamcrest\2.2\hamcrest-2.2.jar;C:\Users\HP 450 G6\.m2\repository\org\junit\jupiter\junit-jupiter\5.9.3\junit-jupiter-5.9.3.jar;C:\Users\HP 450 G6\.m2\repository\org\junit\jupiter\junit-jupiter-api\5.9.3\junit-jupiter-api-5.9.3.jar;C:\Users\HP 450 G6\.m2\repository\org\opentest4j\opentest4j\1.2.0\opentest4j-1.2.0.jar;C:\Users\HP 450 G6\.m2\repository\org\junit\platform\junit-platform-commons\1.9.3\junit-platform-commons-1.9.3.jar;C:\Users\HP 450 G6\.m2\repository\org\apiguardian\apiguardian-api\1.1.2\apiguardian-api-1.1.2.jar;C:\Users\HP 450 G6\.m2\repository\org\junit\jupiter\junit-jupiter-params\5.9.3\junit-jupiter-params-5.9.3.jar;C:\Users\HP 450 G6\.m2\repository\org\junit\jupiter\junit-jupiter-engine\5.9.3\junit-jupiter-engine-5.9.3.jar;C:\Users\HP 450 G6\.m2\repository\org\junit\platform\junit-platform-engine\1.9.3\junit-platform-engine-1.9.3.jar;C:\Users\HP 450 G6\.m2\repository\org\mockito\mockito-core\5.3.1\mockito-core-5.3.1.jar;C:\Users\HP 450 G6\.m2\repository\net\bytebuddy\byte-buddy-agent\1.14.12\byte-buddy-agent-1.14.12.jar;C:\Users\HP 450 G6\.m2\repository\org\objenesis\objenesis\3.3\objenesis-3.3.jar;C:\Users\HP 450 G6\.m2\repository\org\mockito\mockito-junit-jupiter\5.3.1\mockito-junit-jupiter-5.3.1.jar;C:\Users\HP 450 G6\.m2\repository\org\skyscreamer\jsonassert\1.5.1\jsonassert-1.5.1.jar;C:\Users\HP 450 G6\.m2\repository\com\vaadin\external\google\android-json\0.0.20131108.vaadin1\android-json-0.0.20131108.vaadin1.jar;C:\Users\HP 450 G6\.m2\repository\org\springframework\spring-core\6.0.18\spring-core-6.0.18.jar;C:\Users\HP 450 G6\.m2\repository\org\springframework\spring-jcl\6.0.18\spring-jcl-6.0.18.jar;C:\Users\HP 450 G6\.m2\repository\org\springframework\spring-test\6.0.18\spring-test-6.0.18.jar;C:\Users\HP 450 G6\.m2\repository\org\xmlunit\xmlunit-core\2.9.1\xmlunit-core-2.9.1.jar;C:\Users\HP 450 G6\.m2\repository\org\springframework\boot\spring-boot-starter-mail\3.1.10\spring-boot-starter-mail-3.1.10.jar;C:\Users\HP 450 G6\.m2\repository\org\springframework\spring-context-support\6.0.18\spring-context-support-6.0.18.jar;C:\Users\HP 450 G6\.m2\repository\org\eclipse\angus\jakarta.mail\1.1.0\jakarta.mail-1.1.0.jar;C:\Users\HP 450 G6\.m2\repository\org\eclipse\angus\angus-activation\2.0.2\angus-activation-2.0.2.jar;C:\Users\HP 450 G6\.m2\repository\org\springframework\security\spring-security-test\6.1.8\spring-security-test-6.1.8.jar;C:\Users\HP 450 G6\.m2\repository\org\springframework\security\spring-security-core\6.1.8\spring-security-core-6.1.8.jar;C:\Users\HP 450 G6\.m2\repository\org\springframework\security\spring-security-crypto\6.1.8\spring-security-crypto-6.1.8.jar;C:\Users\HP 450 G6\.m2\repository\org\springframework\security\spring-security-web\6.1.8\spring-security-web-6.1.8.jar;"/>
    <property name="sun.cpu.endian" value="little"/>
    <property name="user.home" value="C:\Users\HP 450 G6"/>
    <property name="user.language" value="en"/>
    <property name="java.specification.vendor" value="Oracle Corporation"/>
    <property name="java.version.date" value="2023-10-17"/>
    <property name="java.home" value="C:\Users\HP 450 G6\.jdks\corretto-17.0.9"/>
    <property name="file.separator" value="\"/>
    <property name="basedir" value="D:\lectureSpring\GraduationProject\LRapp"/>
    <property name="java.vm.compressedOopsMode" value="32-bit"/>
    <property name="line.separator" value="&#10;"/>
    <property name="java.vm.specification.vendor" value="Oracle Corporation"/>
    <property name="java.specification.name" value="Java Platform API Specification"/>
    <property name="FILE_LOG_CHARSET" value="windows-1252"/>
    <property name="java.awt.headless" value="true"/>
    <property name="surefire.real.class.path" value="C:\Users\HP 450 G6\AppData\Local\Temp\surefire16814933424971353323\surefirebooter-20240508214417920_3.jar"/>
    <property name="user.script" value=""/>
    <property name="sun.management.compiler" value="HotSpot 64-Bit Tiered Compilers"/>
    <property name="java.runtime.version" value="17.0.9+8-LTS"/>
    <property name="user.name" value="HP 450 G6"/>
    <property name="path.separator" value=";"/>
    <property name="os.version" value="10.0"/>
    <property name="java.runtime.name" value="OpenJDK Runtime Environment"/>
    <property name="file.encoding" value="Cp1252"/>
    <property name="java.vm.name" value="OpenJDK 64-Bit Server VM"/>
    <property name="java.vendor.version" value="Corretto-17.0.9.8.1"/>
    <property name="localRepository" value="C:\Users\HP 450 G6\.m2\repository"/>
    <property name="java.vendor.url.bug" value="https://github.com/corretto/corretto-17/issues/"/>
    <property name="java.io.tmpdir" value="C:\Users\HP450G~1\AppData\Local\Temp\"/>
    <property name="idea.version" value="2023.2.5"/>
    <property name="com.zaxxer.hikari.pool_number" value="1"/>
    <property name="java.version" value="17.0.9"/>
    <property name="user.dir" value="D:\lectureSpring\GraduationProject\LRapp"/>
    <property name="os.arch" value="amd64"/>
    <property name="java.vm.specification.name" value="Java Virtual Machine Specification"/>
    <property name="PID" value="12956"/>
    <property name="sun.os.patch.level" value=""/>
    <property name="CONSOLE_LOG_CHARSET" value="windows-1252"/>
    <property name="native.encoding" value="Cp1252"/>
    <property name="java.library.path" value="C:\Users\HP 450 G6\.jdks\corretto-17.0.9\bin;C:\WINDOWS\Sun\Java\bin;C:\WINDOWS\system32;C:\WINDOWS;C:\ProgramData\Oracle\Java\javapath;C:\Program Files\Common Files\Oracle\Java\javapath;C:\Program Files\Microsoft MPI\Bin\;C:\Windows\system32;C:\Windows;C:\Windows\System32\Wbem;C:\Windows\System32\WindowsPowerShell\v1.0\;C:\Windows\System32\OpenSSH\;C:\Program Files (x86)\NVIDIA Corporation\PhysX\Common;C:\MinGW\bin;C:\Program Files\Git\cmd;C:\Program Files\Java;C:\Program Files\nodejs\;C:\Program Files\Microsoft SQL Server\150\Tools\Binn\;C:\Program Files\Microsoft SQL Server\Client SDK\ODBC\170\Tools\Binn\;C:\Program Files\MySQL\MySQL Server 8.2\bin;;C:\WINDOWS\system32;C:\WINDOWS;C:\WINDOWS\System32\Wbem;C:\WINDOWS\System32\WindowsPowerShell\v1.0\;C:\WINDOWS\System32\OpenSSH\;C:\Users\HP 450 G6\AppData\Local\Programs\Python\Launcher\;C:\Users\HP 450 G6\AppData\Local\Microsoft\WindowsApps;C:\Users\HP 450 G6\AppData\Local\Programs\Microsoft VS Code\bin;C:\Users\HP 450 G6\AppData\Roaming\npm;C:\Program Files\JetBrains\IntelliJ IDEA Community Edition 2023.2.5\bin;;C:\Program Files\heroku\bin;C:\Users\HP 450 G6\anaconda3\Scripts;C:\Users\HP 450 G6\anaconda3\Library\bin;C:\Users\HP 450 G6\anaconda3;;."/>
    <property name="java.vm.info" value="mixed mode, sharing"/>
    <property name="java.vendor" value="Amazon.com Inc."/>
    <property name="java.vm.version" value="17.0.9+8-LTS"/>
    <property name="sun.io.unicode.encoding" value="UnicodeLittle"/>
    <property name="java.class.version" value="61.0"/>
  </properties>
  <testcase name="contextLoads" classname="com.panel.LRapp.LRappApplicationTests" time="2.527">
    <system-out><![CDATA[21:44:21.281 [main] INFO org.springframework.test.context.support.AnnotationConfigContextLoaderUtils -- Could not detect default configuration classes for test class [com.panel.LRapp.LRappApplicationTests]: LRappApplicationTests does not declare any static, non-private, non-final, nested classes annotated with @Configuration.
21:44:21.654 [main] INFO org.springframework.boot.test.context.SpringBootTestContextBootstrapper -- Found @SpringBootConfiguration com.panel.LRapp.LRappApplication for test class com.panel.LRapp.LRappApplicationTests
21:44:23.548 [main] INFO org.springframework.boot.devtools.restart.RestartApplicationListener -- Restart disabled due to context in which it is running

  .   ____          _            __ _ _
 /\\ / ___'_ __ _ _(_)_ __  __ _ \ \ \ \
( ( )\___ | '_ | '_| | '_ \/ _` | \ \ \ \
 \\/  ___)| |_)| | | | | || (_| |  ) ) ) )
  '  |____| .__|_| |_|_| |_\__, | / / / /
 =========|_|==============|___/=/_/_/_/
 :: Spring Boot ::               (v3.1.10)

2024-05-08T21:44:24.298+03:00  INFO 12956 --- [           main] com.panel.LRapp.LRappApplicationTests    : Starting LRappApplicationTests using Java 17.0.9 with PID 12956 (started by HP 450 G6 in D:\lectureSpring\GraduationProject\LRapp)
2024-05-08T21:44:24.304+03:00  INFO 12956 --- [           main] com.panel.LRapp.LRappApplicationTests    : No active profile set, falling back to 1 default profile: "default"
2024-05-08T21:44:26.362+03:00  INFO 12956 --- [           main] .s.d.r.c.RepositoryConfigurationDelegate : Bootstrapping Spring Data JPA repositories in DEFAULT mode.
2024-05-08T21:44:26.547+03:00  INFO 12956 --- [           main] .s.d.r.c.RepositoryConfigurationDelegate : Finished Spring Data repository scanning in 170 ms. Found 9 JPA repository interfaces.
2024-05-08T21:44:27.802+03:00  INFO 12956 --- [           main] o.hibernate.jpa.internal.util.LogHelper  : HHH000204: Processing PersistenceUnitInfo [name: default]
2024-05-08T21:44:27.975+03:00  INFO 12956 --- [           main] org.hibernate.Version                    : HHH000412: Hibernate ORM core version 6.2.22.Final
2024-05-08T21:44:27.980+03:00  INFO 12956 --- [           main] org.hibernate.cfg.Environment            : HHH000406: Using bytecode reflection optimizer
2024-05-08T21:44:28.719+03:00  INFO 12956 --- [           main] o.s.o.j.p.SpringPersistenceUnitInfo      : No LoadTimeWeaver setup: ignoring JPA class transformer
2024-05-08T21:44:28.778+03:00  INFO 12956 --- [           main] com.zaxxer.hikari.HikariDataSource       : HikariPool-1 - Starting...
2024-05-08T21:44:29.691+03:00  INFO 12956 --- [           main] com.zaxxer.hikari.pool.HikariPool        : HikariPool-1 - Added connection com.mysql.cj.jdbc.ConnectionImpl@22686ddb
2024-05-08T21:44:29.700+03:00  INFO 12956 --- [           main] com.zaxxer.hikari.HikariDataSource       : HikariPool-1 - Start completed.
2024-05-08T21:44:30.075+03:00  WARN 12956 --- [           main] org.hibernate.orm.deprecation            : HHH90000025: MySQL57Dialect does not need to be specified explicitly using 'hibernate.dialect' (remove the property setting and it will be selected by default)
2024-05-08T21:44:30.078+03:00  WARN 12956 --- [           main] org.hibernate.orm.deprecation            : HHH90000026: MySQL57Dialect has been deprecated; use org.hibernate.dialect.MySQLDialect instead
2024-05-08T21:44:32.654+03:00  INFO 12956 --- [           main] o.h.e.t.j.p.i.JtaPlatformInitiator       : HHH000489: No JTA platform available (set 'hibernate.transaction.jta.platform' to enable JTA platform integration)
2024-05-08T21:44:34.719+03:00  INFO 12956 --- [           main] j.LocalContainerEntityManagerFactoryBean : Initialized JPA EntityManagerFactory for persistence unit 'default'
2024-05-08T21:44:35.417+03:00  INFO 12956 --- [           main] o.s.d.j.r.query.QueryEnhancerFactory     : Hibernate is in classpath; If applicable, HQL parser will be used.
2024-05-08T21:44:36.854+03:00  WARN 12956 --- [           main] JpaBaseConfiguration$JpaWebConfiguration : spring.jpa.open-in-view is enabled by default. Therefore, database queries may be performed during view rendering. Explicitly configure spring.jpa.open-in-view to disable this warning
2024-05-08T21:44:38.429+03:00  INFO 12956 --- [           main] com.panel.LRapp.LRappApplicationTests    : Started LRappApplicationTests in 14.907 seconds (process running for 20.032)
]]></system-out>
  </testcase>
</testsuite>